# JRE version: OpenJDK Runtime Environment Temurin-21.0.10+7 (21.0.10+7) (build 21.0.10+7-LTS)
# Java VM: OpenJDK 64-Bit Server VM Temurin-21.0.10+7 (21.0.10+7-LTS, mixed mode, sharing, tiered, compressed oops, compressed class ptrs, parallel gc, windows-amd64)
GC Precious Log:
 CardTable entry size: 512
 CPUs: 8 total, 8 available
 Memory: 16122M
 Large Page Support: Disabled
 NUMA Support: Disabled
 Compressed Oops: Enabled (32-bit)
 Alignments: Space 512K, Generation 512K, Heap 2M
 Heap Min Capacity: 100M
 Heap Initial Capacity: 100M
 Heap Max Capacity: 2G
 Pre-touch: Disabled
 Parallel Workers: 8
Heap:
 PSYoungGen      total 11776K, used 7309K [0x00000000d5580000, 0x00000000d6500000, 0x0000000100000000)
  eden space 10752K, 58% used [0x00000000d5580000,0x00000000d5ba4708,0x00000000d6000000)
  from space 1024K, 99% used [0x00000000d6200000,0x00000000d62ff0b0,0x00000000d6300000)
  to   space 2048K, 0% used [0x00000000d6000000,0x00000000d6000000,0x00000000d6200000)
 ParOldGen       total 118784K, used 118575K [0x0000000080000000, 0x0000000087400000, 0x00000000d5580000)
  object space 118784K, 99% used [0x0000000080000000,0x00000000873cbc60,0x0000000087400000)
 Metaspace       used 72138K, committed 73600K, reserved 1179648K
  class space    used 7636K, committed 8256K, reserved 1048576K
GC Heap History (20 events):
Event: 32.419 GC heap before
{Heap before GC invocations=212 (full 3):
 PSYoungGen      total 13312K, used 12960K [0x00000000d5580000, 0x00000000d6480000, 0x0000000100000000)
  eden space 11776K, 100% used [0x00000000d5580000,0x00000000d6100000,0x00000000d6100000)
  from space 1536K, 77% used [0x00000000d6300000,0x00000000d6428378,0x00000000d6480000)
  to   space 1536K, 0% used [0x00000000d6100000,0x00000000d6100000,0x00000000d6280000)
 ParOldGen       total 115712K, used 115704K [0x0000000080000000, 0x0000000087100000, 0x00000000d5580000)
  object space 115712K, 99% used [0x0000000080000000,0x00000000870fe0e0,0x0000000087100000)
 Metaspace       used 71093K, committed 72576K, reserved 1114112K
  class space    used 7614K, committed 8256K, reserved 1048576K
}
Event: 32.422 GC heap after
{Heap after GC invocations=212 (full 3):
 PSYoungGen      total 13312K, used 1168K [0x00000000d5580000, 0x00000000d6400000, 0x0000000100000000)
  eden space 11776K, 0% used [0x00000000d5580000,0x00000000d5580000,0x00000000d6100000)
  from space 1536K, 76% used [0x00000000d6100000,0x00000000d62243e8,0x00000000d6280000)
  to   space 1536K, 0% used [0x00000000d6280000,0x00000000d6280000,0x00000000d6400000)
 ParOldGen       total 116224K, used 115848K [0x0000000080000000, 0x0000000087180000, 0x00000000d5580000)
  object space 116224K, 99% used [0x0000000080000000,0x00000000871220e0,0x0000000087180000)
 Metaspace       used 71093K, committed 72576K, reserved 1114112K
  class space    used 7614K, committed 8256K, reserved 1048576K
}
Event: 32.552 GC heap before
{Heap before GC invocations=213 (full 3):
 PSYoungGen      total 13312K, used 12944K [0x00000000d5580000, 0x00000000d6400000, 0x0000000100000000)
  eden space 11776K, 100% used [0x00000000d5580000,0x00000000d6100000,0x00000000d6100000)
  from space 1536K, 76% used [0x00000000d6100000,0x00000000d62243e8,0x00000000d6280000)
  to   space 1536K, 0% used [0x00000000d6280000,0x00000000d6280000,0x00000000d6400000)
 ParOldGen       total 116224K, used 115848K [0x0000000080000000, 0x0000000087180000, 0x00000000d5580000)
  object space 116224K, 99% used [0x0000000080000000,0x00000000871220e0,0x0000000087180000)
 Metaspace       used 71155K, committed 72704K, reserved 1114112K
  class space    used 7615K, committed 8256K, reserved 1048576K
}
Event: 32.556 GC heap after
{Heap after GC invocations=213 (full 3):
 PSYoungGen      total 13312K, used 954K [0x00000000d5580000, 0x00000000d6400000, 0x0000000100000000)
  eden space 11776K, 0% used [0x00000000d5580000,0x00000000d5580000,0x00000000d6100000)
  from space 1536K, 62% used [0x00000000d6280000,0x00000000d636e8c0,0x00000000d6400000)
  to   space 1536K, 0% used [0x00000000d6100000,0x00000000d6100000,0x00000000d6280000)
 ParOldGen       total 116736K, used 116268K [0x0000000080000000, 0x0000000087200000, 0x00000000d5580000)
  object space 116736K, 99% used [0x0000000080000000,0x000000008718b100,0x0000000087200000)
 Metaspace       used 71155K, committed 72704K, reserved 1114112K
  class space    used 7615K, committed 8256K, reserved 1048576K
}
Event: 32.697 GC heap before
{Heap before GC invocations=214 (full 3):
 PSYoungGen      total 13312K, used 12730K [0x00000000d5580000, 0x00000000d6400000, 0x0000000100000000)
  eden space 11776K, 100% used [0x00000000d5580000,0x00000000d6100000,0x00000000d6100000)
  from space 1536K, 62% used [0x00000000d6280000,0x00000000d636e8c0,0x00000000d6400000)
  to   space 1536K, 0% used [0x00000000d6100000,0x00000000d6100000,0x00000000d6280000)
 ParOldGen       total 116736K, used 116268K [0x0000000080000000, 0x0000000087200000, 0x00000000d5580000)
  object space 116736K, 99% used [0x0000000080000000,0x000000008718b100,0x0000000087200000)
 Metaspace       used 71386K, committed 72832K, reserved 1114112K
  class space    used 7625K, committed 8256K, reserved 1048576K
}
Event: 32.700 GC heap after
{Heap after GC invocations=214 (full 3):
 PSYoungGen      total 12800K, used 820K [0x00000000d5580000, 0x00000000d6300000, 0x0000000100000000)
  eden space 11776K, 0% used [0x00000000d5580000,0x00000000d5580000,0x00000000d6100000)
  from space 1024K, 80% used [0x00000000d6100000,0x00000000d61cd200,0x00000000d6200000)
  to   space 1024K, 0% used [0x00000000d6200000,0x00000000d6200000,0x00000000d6300000)
 ParOldGen       total 116736K, used 116436K [0x0000000080000000, 0x0000000087200000, 0x00000000d5580000)
  object space 116736K, 99% used [0x0000000080000000,0x00000000871b5100,0x0000000087200000)
 Metaspace       used 71386K, committed 72832K, reserved 1114112K
  class space    used 7625K, committed 8256K, reserved 1048576K
}
Event: 32.855 GC heap before
{Heap before GC invocations=215 (full 3):
 PSYoungGen      total 12800K, used 12596K [0x00000000d5580000, 0x00000000d6300000, 0x0000000100000000)
  eden space 11776K, 100% used [0x00000000d5580000,0x00000000d6100000,0x00000000d6100000)
  from space 1024K, 80% used [0x00000000d6100000,0x00000000d61cd200,0x00000000d6200000)
  to   space 1024K, 0% used [0x00000000d6200000,0x00000000d6200000,0x00000000d6300000)
 ParOldGen       total 116736K, used 116436K [0x0000000080000000, 0x0000000087200000, 0x00000000d5580000)
  object space 116736K, 99% used [0x0000000080000000,0x00000000871b5100,0x0000000087200000)
 Metaspace       used 71506K, committed 72960K, reserved 1114112K
  class space    used 7626K, committed 8256K, reserved 1048576K
}
Event: 32.857 GC heap after
{Heap after GC invocations=215 (full 3):
 PSYoungGen      total 12800K, used 884K [0x00000000d5580000, 0x00000000d6300000, 0x0000000100000000)
  eden space 11776K, 0% used [0x00000000d5580000,0x00000000d5580000,0x00000000d6100000)
  from space 1024K, 86% used [0x00000000d6200000,0x00000000d62dd220,0x00000000d6300000)
  to   space 1024K, 0% used [0x00000000d6100000,0x00000000d6100000,0x00000000d6200000)
 ParOldGen       total 117248K, used 116801K [0x0000000080000000, 0x0000000087280000, 0x00000000d5580000)
  object space 117248K, 99% used [0x0000000080000000,0x00000000872106c8,0x0000000087280000)
 Metaspace       used 71506K, committed 72960K, reserved 1114112K
  class space    used 7626K, committed 8256K, reserved 1048576K
}
Event: 33.143 GC heap before
{Heap before GC invocations=216 (full 3):
 PSYoungGen      total 12800K, used 12660K [0x00000000d5580000, 0x00000000d6300000, 0x0000000100000000)
  eden space 11776K, 100% used [0x00000000d5580000,0x00000000d6100000,0x00000000d6100000)
  from space 1024K, 86% used [0x00000000d6200000,0x00000000d62dd220,0x00000000d6300000)
  to   space 1024K, 0% used [0x00000000d6100000,0x00000000d6100000,0x00000000d6200000)
 ParOldGen       total 117248K, used 116801K [0x0000000080000000, 0x0000000087280000, 0x00000000d5580000)
  object space 117248K, 99% used [0x0000000080000000,0x00000000872106c8,0x0000000087280000)
 Metaspace       used 71662K, committed 73152K, reserved 1179648K
  class space    used 7626K, committed 8256K, reserved 1048576K
}
Event: 33.145 GC heap after
{Heap after GC invocations=216 (full 3):
 PSYoungGen      total 12800K, used 1004K [0x00000000d5580000, 0x00000000d6400000, 0x0000000100000000)
  eden space 11776K, 0% used [0x00000000d5580000,0x00000000d5580000,0x00000000d6100000)
  from space 1024K, 98% used [0x00000000d6100000,0x00000000d61fb310,0x00000000d6200000)
  to   space 1536K, 0% used [0x00000000d6280000,0x00000000d6280000,0x00000000d6400000)
 ParOldGen       total 117248K, used 117092K [0x0000000080000000, 0x0000000087280000, 0x00000000d5580000)
  object space 117248K, 99% used [0x0000000080000000,0x0000000087259350,0x0000000087280000)
 Metaspace       used 71662K, committed 73152K, reserved 1179648K
  class space    used 7626K, committed 8256K, reserved 1048576K
}
Event: 33.237 GC heap before
{Heap before GC invocations=217 (full 3):
 PSYoungGen      total 12800K, used 12780K [0x00000000d5580000, 0x00000000d6400000, 0x0000000100000000)
  eden space 11776K, 100% used [0x00000000d5580000,0x00000000d6100000,0x00000000d6100000)
  from space 1024K, 98% used [0x00000000d6100000,0x00000000d61fb310,0x00000000d6200000)
  to   space 1536K, 0% used [0x00000000d6280000,0x00000000d6280000,0x00000000d6400000)
 ParOldGen       total 117248K, used 117092K [0x0000000080000000, 0x0000000087280000, 0x00000000d5580000)
  object space 117248K, 99% used [0x0000000080000000,0x0000000087259350,0x0000000087280000)
 Metaspace       used 71719K, committed 73216K, reserved 1179648K
  class space    used 7626K, committed 8256K, reserved 1048576K
}
Event: 33.239 GC heap after
{Heap after GC invocations=217 (full 3):
 PSYoungGen      total 13312K, used 977K [0x00000000d5580000, 0x00000000d6400000, 0x0000000100000000)
  eden space 11776K, 0% used [0x00000000d5580000,0x00000000d5580000,0x00000000d6100000)
  from space 1536K, 63% used [0x00000000d6280000,0x00000000d63746f0,0x00000000d6400000)
  to   space 1536K, 0% used [0x00000000d6100000,0x00000000d6100000,0x00000000d6280000)
 ParOldGen       total 117760K, used 117422K [0x0000000080000000, 0x0000000087300000, 0x00000000d5580000)
  object space 117760K, 99% used [0x0000000080000000,0x00000000872abb68,0x0000000087300000)
 Metaspace       used 71719K, committed 73216K, reserved 1179648K
  class space    used 7626K, committed 8256K, reserved 1048576K
}
Event: 33.481 GC heap before
{Heap before GC invocations=218 (full 3):
 PSYoungGen      total 13312K, used 12753K [0x00000000d5580000, 0x00000000d6400000, 0x0000000100000000)
  eden space 11776K, 100% used [0x00000000d5580000,0x00000000d6100000,0x00000000d6100000)
  from space 1536K, 63% used [0x00000000d6280000,0x00000000d63746f0,0x00000000d6400000)
  to   space 1536K, 0% used [0x00000000d6100000,0x00000000d6100000,0x00000000d6280000)
 ParOldGen       total 117760K, used 117422K [0x0000000080000000, 0x0000000087300000, 0x00000000d5580000)
  object space 117760K, 99% used [0x0000000080000000,0x00000000872abb68,0x0000000087300000)
 Metaspace       used 71805K, committed 73280K, reserved 1179648K
  class space    used 7626K, committed 8256K, reserved 1048576K
}
Event: 33.484 GC heap after
{Heap after GC invocations=218 (full 3):
 PSYoungGen      total 12800K, used 1003K [0x00000000d5580000, 0x00000000d6300000, 0x0000000100000000)
  eden space 11776K, 0% used [0x00000000d5580000,0x00000000d5580000,0x00000000d6100000)
  from space 1024K, 97% used [0x00000000d6100000,0x00000000d61facc8,0x00000000d6200000)
  to   space 1024K, 0% used [0x00000000d6200000,0x00000000d6200000,0x00000000d6300000)
 ParOldGen       total 117760K, used 117542K [0x0000000080000000, 0x0000000087300000, 0x00000000d5580000)
  object space 117760K, 99% used [0x0000000080000000,0x00000000872c9b68,0x0000000087300000)
 Metaspace       used 71805K, committed 73280K, reserved 1179648K
  class space    used 7626K, committed 8256K, reserved 1048576K
}
Event: 33.635 GC heap before
{Heap before GC invocations=219 (full 3):
 PSYoungGen      total 12800K, used 12779K [0x00000000d5580000, 0x00000000d6300000, 0x0000000100000000)
  eden space 11776K, 100% used [0x00000000d5580000,0x00000000d6100000,0x00000000d6100000)
  from space 1024K, 97% used [0x00000000d6100000,0x00000000d61facc8,0x00000000d6200000)
  to   space 1024K, 0% used [0x00000000d6200000,0x00000000d6200000,0x00000000d6300000)
 ParOldGen       total 117760K, used 117542K [0x0000000080000000, 0x0000000087300000, 0x00000000d5580000)
  object space 117760K, 99% used [0x0000000080000000,0x00000000872c9b68,0x0000000087300000)
 Metaspace       used 71896K, committed 73408K, reserved 1179648K
  class space    used 7626K, committed 8256K, reserved 1048576K
}
Event: 33.637 GC heap after
{Heap after GC invocations=219 (full 3):
 PSYoungGen      total 12800K, used 612K [0x00000000d5580000, 0x00000000d6300000, 0x0000000100000000)
  eden space 11776K, 0% used [0x00000000d5580000,0x00000000d5580000,0x00000000d6100000)
  from space 1024K, 59% used [0x00000000d6200000,0x00000000d6299210,0x00000000d6300000)
  to   space 1024K, 0% used [0x00000000d6100000,0x00000000d6100000,0x00000000d6200000)
 ParOldGen       total 117760K, used 117654K [0x0000000080000000, 0x0000000087300000, 0x00000000d5580000)
  object space 117760K, 99% used [0x0000000080000000,0x00000000872e5b68,0x0000000087300000)
 Metaspace       used 71896K, committed 73408K, reserved 1179648K
  class space    used 7626K, committed 8256K, reserved 1048576K
}
Event: 33.968 GC heap before
{Heap before GC invocations=220 (full 3):
 PSYoungGen      total 12800K, used 12388K [0x00000000d5580000, 0x00000000d6300000, 0x0000000100000000)
  eden space 11776K, 100% used [0x00000000d5580000,0x00000000d6100000,0x00000000d6100000)
  from space 1024K, 59% used [0x00000000d6200000,0x00000000d6299210,0x00000000d6300000)
  to   space 1024K, 0% used [0x00000000d6100000,0x00000000d6100000,0x00000000d6200000)
 ParOldGen       total 117760K, used 117654K [0x0000000080000000, 0x0000000087300000, 0x00000000d5580000)
  object space 117760K, 99% used [0x0000000080000000,0x00000000872e5b68,0x0000000087300000)
 Metaspace       used 72026K, committed 73536K, reserved 1179648K
  class space    used 7635K, committed 8256K, reserved 1048576K
}
Event: 33.970 GC heap after
{Heap after GC invocations=220 (full 3):
 PSYoungGen      total 12800K, used 995K [0x00000000d5580000, 0x00000000d6300000, 0x0000000100000000)
  eden space 11776K, 0% used [0x00000000d5580000,0x00000000d5580000,0x00000000d6100000)
  from space 1024K, 97% used [0x00000000d6100000,0x00000000d61f8e70,0x00000000d6200000)
  to   space 1024K, 0% used [0x00000000d6200000,0x00000000d6200000,0x00000000d6300000)
 ParOldGen       total 118272K, used 117868K [0x0000000080000000, 0x0000000087380000, 0x00000000d5580000)
  object space 118272K, 99% used [0x0000000080000000,0x000000008731b360,0x0000000087380000)
 Metaspace       used 72026K, committed 73536K, reserved 1179648K
  class space    used 7635K, committed 8256K, reserved 1048576K
}
Event: 34.157 GC heap before
{Heap before GC invocations=221 (full 3):
 PSYoungGen      total 12800K, used 12771K [0x00000000d5580000, 0x00000000d6300000, 0x0000000100000000)
  eden space 11776K, 100% used [0x00000000d5580000,0x00000000d6100000,0x00000000d6100000)
  from space 1024K, 97% used [0x00000000d6100000,0x00000000d61f8e70,0x00000000d6200000)
  to   space 1024K, 0% used [0x00000000d6200000,0x00000000d6200000,0x00000000d6300000)
 ParOldGen       total 118272K, used 117868K [0x0000000080000000, 0x0000000087380000, 0x00000000d5580000)
  object space 118272K, 99% used [0x0000000080000000,0x000000008731b360,0x0000000087380000)
 Metaspace       used 72079K, committed 73600K, reserved 1179648K
  class space    used 7635K, committed 8256K, reserved 1048576K
}
Event: 34.160 GC heap after
{Heap after GC invocations=221 (full 3):
 PSYoungGen      total 11776K, used 1020K [0x00000000d5580000, 0x00000000d6500000, 0x0000000100000000)
  eden space 10752K, 0% used [0x00000000d5580000,0x00000000d5580000,0x00000000d6000000)
  from space 1024K, 99% used [0x00000000d6200000,0x00000000d62ff0b0,0x00000000d6300000)
  to   space 2048K, 0% used [0x00000000d6000000,0x00000000d6000000,0x00000000d6200000)
 ParOldGen       total 118784K, used 118575K [0x0000000080000000, 0x0000000087400000, 0x00000000d5580000)
  object space 118784K, 99% used [0x0000000080000000,0x00000000873cbc60,0x0000000087400000)
 Metaspace       used 72079K, committed 73600K, reserved 1179648K
  class space    used 7635K, committed 8256K, reserved 1048576K
}

