# JRE version: OpenJDK Runtime Environment Temurin-21.0.10+7 (21.0.10+7) (build 21.0.10+7-LTS)
# Java VM: OpenJDK 64-Bit Server VM Temurin-21.0.10+7 (21.0.10+7-LTS, mixed mode, sharing, tiered, compressed oops, compressed class ptrs, parallel gc, windows-amd64)
GC Precious Log:
 CardTable entry size: 512
 CPUs: 8 total, 8 available
 Memory: 16122M
 Large Page Support: Disabled
 NUMA Support: Disabled
 Compressed Oops: Enabled (32-bit)
 Alignments: Space 512K, Generation 512K, Heap 2M
 Heap Min Capacity: 100M
 Heap Initial Capacity: 100M
 Heap Max Capacity: 2G
 Pre-touch: Disabled
 Parallel Workers: 8
Heap:
 PSYoungGen      total 7680K, used 2118K [0x00000000d5580000, 0x00000000d6200000, 0x0000000100000000)
  eden space 7168K, 22% used [0x00000000d5580000,0x00000000d5714650,0x00000000d5c80000)
  from space 512K, 97% used [0x00000000d6100000,0x00000000d617d220,0x00000000d6180000)
  to   space 512K, 0% used [0x00000000d6180000,0x00000000d6180000,0x00000000d6200000)
 ParOldGen       total 160256K, used 159013K [0x0000000080000000, 0x0000000089c80000, 0x00000000d5580000)
  object space 160256K, 99% used [0x0000000080000000,0x0000000089b49510,0x0000000089c80000)
 Metaspace       used 69223K, committed 70784K, reserved 1114112K
  class space    used 7325K, committed 7936K, reserved 1048576K
GC Heap History (20 events):
Event: 117.717 GC heap before
{Heap before GC invocations=141 (full 3):
 PSYoungGen      total 7680K, used 7616K [0x00000000d5580000, 0x00000000d5e80000, 0x0000000100000000)
  eden space 7168K, 100% used [0x00000000d5580000,0x00000000d5c80000,0x00000000d5c80000)
  from space 512K, 87% used [0x00000000d5d80000,0x00000000d5df0000,0x00000000d5e00000)
  to   space 512K, 0% used [0x00000000d5e00000,0x00000000d5e00000,0x00000000d5e80000)
 ParOldGen       total 91136K, used 90768K [0x0000000080000000, 0x0000000085900000, 0x00000000d5580000)
  object space 91136K, 99% used [0x0000000080000000,0x00000000858a4018,0x0000000085900000)
 Metaspace       used 66365K, committed 67904K, reserved 1114112K
  class space    used 7034K, committed 7680K, reserved 1048576K
}
Event: 117.719 GC heap after
{Heap after GC invocations=141 (full 3):
 PSYoungGen      total 7680K, used 416K [0x00000000d5580000, 0x00000000d5e80000, 0x0000000100000000)
  eden space 7168K, 0% used [0x00000000d5580000,0x00000000d5580000,0x00000000d5c80000)
  from space 512K, 81% used [0x00000000d5e00000,0x00000000d5e68000,0x00000000d5e80000)
  to   space 512K, 0% used [0x00000000d5d80000,0x00000000d5d80000,0x00000000d5e00000)
 ParOldGen       total 91136K, used 91065K [0x0000000080000000, 0x0000000085900000, 0x00000000d5580000)
  object space 91136K, 99% used [0x0000000080000000,0x00000000858ee4f8,0x0000000085900000)
 Metaspace       used 66365K, committed 67904K, reserved 1114112K
  class space    used 7034K, committed 7680K, reserved 1048576K
}
Event: 119.532 GC heap before
{Heap before GC invocations=142 (full 3):
 PSYoungGen      total 7680K, used 7584K [0x00000000d5580000, 0x00000000d5e80000, 0x0000000100000000)
  eden space 7168K, 100% used [0x00000000d5580000,0x00000000d5c80000,0x00000000d5c80000)
  from space 512K, 81% used [0x00000000d5e00000,0x00000000d5e68000,0x00000000d5e80000)
  to   space 512K, 0% used [0x00000000d5d80000,0x00000000d5d80000,0x00000000d5e00000)
 ParOldGen       total 91136K, used 91065K [0x0000000080000000, 0x0000000085900000, 0x00000000d5580000)
  object space 91136K, 99% used [0x0000000080000000,0x00000000858ee4f8,0x0000000085900000)
 Metaspace       used 66467K, committed 68032K, reserved 1114112K
  class space    used 7035K, committed 7680K, reserved 1048576K
}
Event: 119.534 GC heap after
{Heap after GC invocations=142 (full 3):
 PSYoungGen      total 7680K, used 484K [0x00000000d5580000, 0x00000000d5e80000, 0x0000000100000000)
  eden space 7168K, 0% used [0x00000000d5580000,0x00000000d5580000,0x00000000d5c80000)
  from space 512K, 94% used [0x00000000d5d80000,0x00000000d5df9230,0x00000000d5e00000)
  to   space 512K, 0% used [0x00000000d5e00000,0x00000000d5e00000,0x00000000d5e80000)
 ParOldGen       total 91648K, used 91417K [0x0000000080000000, 0x0000000085980000, 0x00000000d5580000)
  object space 91648K, 99% used [0x0000000080000000,0x00000000859464f8,0x0000000085980000)
 Metaspace       used 66467K, committed 68032K, reserved 1114112K
  class space    used 7035K, committed 7680K, reserved 1048576K
}
Event: 3036.332 GC heap before
{Heap before GC invocations=143 (full 3):
 PSYoungGen      total 7680K, used 7652K [0x00000000d5580000, 0x00000000d5e80000, 0x0000000100000000)
  eden space 7168K, 100% used [0x00000000d5580000,0x00000000d5c80000,0x00000000d5c80000)
  from space 512K, 94% used [0x00000000d5d80000,0x00000000d5df9230,0x00000000d5e00000)
  to   space 512K, 0% used [0x00000000d5e00000,0x00000000d5e00000,0x00000000d5e80000)
 ParOldGen       total 91648K, used 91417K [0x0000000080000000, 0x0000000085980000, 0x00000000d5580000)
  object space 91648K, 99% used [0x0000000080000000,0x00000000859464f8,0x0000000085980000)
 Metaspace       used 67030K, committed 68480K, reserved 1114112K
  class space    used 7092K, committed 7680K, reserved 1048576K
}
Event: 3036.358 GC heap after
{Heap after GC invocations=143 (full 3):
 PSYoungGen      total 7680K, used 480K [0x00000000d5580000, 0x00000000d5f80000, 0x0000000100000000)
  eden space 7168K, 0% used [0x00000000d5580000,0x00000000d5580000,0x00000000d5c80000)
  from space 512K, 93% used [0x00000000d5e00000,0x00000000d5e78040,0x00000000d5e80000)
  to   space 1536K, 0% used [0x00000000d5c80000,0x00000000d5c80000,0x00000000d5e00000)
 ParOldGen       total 92160K, used 91957K [0x0000000080000000, 0x0000000085a00000, 0x00000000d5580000)
  object space 92160K, 99% used [0x0000000080000000,0x00000000859cd728,0x0000000085a00000)
 Metaspace       used 67030K, committed 68480K, reserved 1114112K
  class space    used 7092K, committed 7680K, reserved 1048576K
}
Event: 3036.792 GC heap before
{Heap before GC invocations=144 (full 3):
 PSYoungGen      total 7680K, used 7648K [0x00000000d5580000, 0x00000000d5f80000, 0x0000000100000000)
  eden space 7168K, 100% used [0x00000000d5580000,0x00000000d5c80000,0x00000000d5c80000)
  from space 512K, 93% used [0x00000000d5e00000,0x00000000d5e78040,0x00000000d5e80000)
  to   space 1536K, 0% used [0x00000000d5c80000,0x00000000d5c80000,0x00000000d5e00000)
 ParOldGen       total 92160K, used 91957K [0x0000000080000000, 0x0000000085a00000, 0x00000000d5580000)
  object space 92160K, 99% used [0x0000000080000000,0x00000000859cd728,0x0000000085a00000)
 Metaspace       used 67354K, committed 68800K, reserved 1114112K
  class space    used 7119K, committed 7680K, reserved 1048576K
}
Event: 3036.799 GC heap after
{Heap after GC invocations=144 (full 3):
 PSYoungGen      total 8704K, used 1534K [0x00000000d5580000, 0x00000000d6780000, 0x0000000100000000)
  eden space 7168K, 0% used [0x00000000d5580000,0x00000000d5580000,0x00000000d5c80000)
  from space 1536K, 99% used [0x00000000d5c80000,0x00000000d5dff968,0x00000000d5e00000)
  to   space 5632K, 0% used [0x00000000d6200000,0x00000000d6200000,0x00000000d6780000)
 ParOldGen       total 95232K, used 94948K [0x0000000080000000, 0x0000000085d00000, 0x00000000d5580000)
  object space 95232K, 99% used [0x0000000080000000,0x0000000085cb9320,0x0000000085d00000)
 Metaspace       used 67354K, committed 68800K, reserved 1114112K
  class space    used 7119K, committed 7680K, reserved 1048576K
}
Event: 3037.493 GC heap before
{Heap before GC invocations=145 (full 3):
 PSYoungGen      total 8704K, used 8702K [0x00000000d5580000, 0x00000000d6780000, 0x0000000100000000)
  eden space 7168K, 100% used [0x00000000d5580000,0x00000000d5c80000,0x00000000d5c80000)
  from space 1536K, 99% used [0x00000000d5c80000,0x00000000d5dff968,0x00000000d5e00000)
  to   space 5632K, 0% used [0x00000000d6200000,0x00000000d6200000,0x00000000d6780000)
 ParOldGen       total 95232K, used 94948K [0x0000000080000000, 0x0000000085d00000, 0x00000000d5580000)
  object space 95232K, 99% used [0x0000000080000000,0x0000000085cb9320,0x0000000085d00000)
 Metaspace       used 67783K, committed 69312K, reserved 1114112K
  class space    used 7171K, committed 7744K, reserved 1048576K
}
Event: 3037.498 GC heap after
{Heap after GC invocations=145 (full 3):
 PSYoungGen      total 8192K, used 768K [0x00000000d5580000, 0x00000000d6300000, 0x0000000100000000)
  eden space 7168K, 0% used [0x00000000d5580000,0x00000000d5580000,0x00000000d5c80000)
  from space 1024K, 75% used [0x00000000d6200000,0x00000000d62c0020,0x00000000d6300000)
  to   space 2560K, 0% used [0x00000000d5e00000,0x00000000d5e00000,0x00000000d6080000)
 ParOldGen       total 95232K, used 95052K [0x0000000080000000, 0x0000000085d00000, 0x00000000d5580000)
  object space 95232K, 99% used [0x0000000080000000,0x0000000085cd3320,0x0000000085d00000)
 Metaspace       used 67783K, committed 69312K, reserved 1114112K
  class space    used 7171K, committed 7744K, reserved 1048576K
}
Event: 3037.760 GC heap before
{Heap before GC invocations=146 (full 3):
 PSYoungGen      total 8192K, used 7936K [0x00000000d5580000, 0x00000000d6300000, 0x0000000100000000)
  eden space 7168K, 100% used [0x00000000d5580000,0x00000000d5c80000,0x00000000d5c80000)
  from space 1024K, 75% used [0x00000000d6200000,0x00000000d62c0020,0x00000000d6300000)
  to   space 2560K, 0% used [0x00000000d5e00000,0x00000000d5e00000,0x00000000d6080000)
 ParOldGen       total 95232K, used 95052K [0x0000000080000000, 0x0000000085d00000, 0x00000000d5580000)
  object space 95232K, 99% used [0x0000000080000000,0x0000000085cd3320,0x0000000085d00000)
 Metaspace       used 68091K, committed 69568K, reserved 1114112K
  class space    used 7223K, committed 7808K, reserved 1048576K
}
Event: 3037.764 GC heap after
{Heap after GC invocations=146 (full 3):
 PSYoungGen      total 9728K, used 800K [0x00000000d5580000, 0x00000000d6280000, 0x0000000100000000)
  eden space 7168K, 0% used [0x00000000d5580000,0x00000000d5580000,0x00000000d5c80000)
  from space 2560K, 31% used [0x00000000d5e00000,0x00000000d5ec8000,0x00000000d6080000)
  to   space 1024K, 0% used [0x00000000d6180000,0x00000000d6180000,0x00000000d6280000)
 ParOldGen       total 95744K, used 95707K [0x0000000080000000, 0x0000000085d80000, 0x00000000d5580000)
  object space 95744K, 99% used [0x0000000080000000,0x0000000085d76ce8,0x0000000085d80000)
 Metaspace       used 68091K, committed 69568K, reserved 1114112K
  class space    used 7223K, committed 7808K, reserved 1048576K
}
Event: 3038.058 GC heap before
{Heap before GC invocations=147 (full 3):
 PSYoungGen      total 9728K, used 7968K [0x00000000d5580000, 0x00000000d6280000, 0x0000000100000000)
  eden space 7168K, 100% used [0x00000000d5580000,0x00000000d5c80000,0x00000000d5c80000)
  from space 2560K, 31% used [0x00000000d5e00000,0x00000000d5ec8000,0x00000000d6080000)
  to   space 1024K, 0% used [0x00000000d6180000,0x00000000d6180000,0x00000000d6280000)
 ParOldGen       total 95744K, used 95707K [0x0000000080000000, 0x0000000085d80000, 0x00000000d5580000)
  object space 95744K, 99% used [0x0000000080000000,0x0000000085d76ce8,0x0000000085d80000)
 Metaspace       used 68148K, committed 69632K, reserved 1114112K
  class space    used 7230K, committed 7808K, reserved 1048576K
}
Event: 3038.062 GC heap after
{Heap after GC invocations=147 (full 3):
 PSYoungGen      total 8192K, used 608K [0x00000000d5580000, 0x00000000d6280000, 0x0000000100000000)
  eden space 7168K, 0% used [0x00000000d5580000,0x00000000d5580000,0x00000000d5c80000)
  from space 1024K, 59% used [0x00000000d6180000,0x00000000d6218000,0x00000000d6280000)
  to   space 1024K, 0% used [0x00000000d6080000,0x00000000d6080000,0x00000000d6180000)
 ParOldGen       total 96768K, used 96399K [0x0000000080000000, 0x0000000085e80000, 0x00000000d5580000)
  object space 96768K, 99% used [0x0000000080000000,0x0000000085e23cf8,0x0000000085e80000)
 Metaspace       used 68148K, committed 69632K, reserved 1114112K
  class space    used 7230K, committed 7808K, reserved 1048576K
}
Event: 3038.315 GC heap before
{Heap before GC invocations=148 (full 3):
 PSYoungGen      total 8192K, used 7776K [0x00000000d5580000, 0x00000000d6280000, 0x0000000100000000)
  eden space 7168K, 100% used [0x00000000d5580000,0x00000000d5c80000,0x00000000d5c80000)
  from space 1024K, 59% used [0x00000000d6180000,0x00000000d6218000,0x00000000d6280000)
  to   space 1024K, 0% used [0x00000000d6080000,0x00000000d6080000,0x00000000d6180000)
 ParOldGen       total 96768K, used 96399K [0x0000000080000000, 0x0000000085e80000, 0x00000000d5580000)
  object space 96768K, 99% used [0x0000000080000000,0x0000000085e23cf8,0x0000000085e80000)
 Metaspace       used 68705K, committed 70208K, reserved 1114112K
  class space    used 7290K, committed 7872K, reserved 1048576K
}
Event: 3038.318 GC heap after
{Heap after GC invocations=148 (full 3):
 PSYoungGen      total 8192K, used 650K [0x00000000d5580000, 0x00000000d6200000, 0x0000000100000000)
  eden space 7168K, 0% used [0x00000000d5580000,0x00000000d5580000,0x00000000d5c80000)
  from space 1024K, 63% used [0x00000000d6080000,0x00000000d61228d8,0x00000000d6180000)
  to   space 512K, 0% used [0x00000000d6180000,0x00000000d6180000,0x00000000d6200000)
 ParOldGen       total 96768K, used 96751K [0x0000000080000000, 0x0000000085e80000, 0x00000000d5580000)
  object space 96768K, 99% used [0x0000000080000000,0x0000000085e7bcf8,0x0000000085e80000)
 Metaspace       used 68705K, committed 70208K, reserved 1114112K
  class space    used 7290K, committed 7872K, reserved 1048576K
}
Event: 3049.072 GC heap before
{Heap before GC invocations=149 (full 3):
 PSYoungGen      total 8192K, used 7818K [0x00000000d5580000, 0x00000000d6200000, 0x0000000100000000)
  eden space 7168K, 100% used [0x00000000d5580000,0x00000000d5c80000,0x00000000d5c80000)
  from space 1024K, 63% used [0x00000000d6080000,0x00000000d61228d8,0x00000000d6180000)
  to   space 512K, 0% used [0x00000000d6180000,0x00000000d6180000,0x00000000d6200000)
 ParOldGen       total 128512K, used 127471K [0x0000000080000000, 0x0000000087d80000, 0x00000000d5580000)
  object space 128512K, 99% used [0x0000000080000000,0x0000000087c7bd28,0x0000000087d80000)
 Metaspace       used 69062K, committed 70656K, reserved 1114112K
  class space    used 7322K, committed 7936K, reserved 1048576K
}
Event: 3049.075 GC heap after
{Heap after GC invocations=149 (full 3):
 PSYoungGen      total 7680K, used 368K [0x00000000d5580000, 0x00000000d6200000, 0x0000000100000000)
  eden space 7168K, 0% used [0x00000000d5580000,0x00000000d5580000,0x00000000d5c80000)
  from space 512K, 71% used [0x00000000d6180000,0x00000000d61dc010,0x00000000d6200000)
  to   space 512K, 0% used [0x00000000d6100000,0x00000000d6100000,0x00000000d6180000)
 ParOldGen       total 128512K, used 127883K [0x0000000080000000, 0x0000000087d80000, 0x00000000d5580000)
  object space 128512K, 99% used [0x0000000080000000,0x0000000087ce2eb0,0x0000000087d80000)
 Metaspace       used 69062K, committed 70656K, reserved 1114112K
  class space    used 7322K, committed 7936K, reserved 1048576K
}
Event: 3222.657 GC heap before
{Heap before GC invocations=150 (full 3):
 PSYoungGen      total 7680K, used 7536K [0x00000000d5580000, 0x00000000d6200000, 0x0000000100000000)
  eden space 7168K, 100% used [0x00000000d5580000,0x00000000d5c80000,0x00000000d5c80000)
  from space 512K, 71% used [0x00000000d6180000,0x00000000d61dc010,0x00000000d6200000)
  to   space 512K, 0% used [0x00000000d6100000,0x00000000d6100000,0x00000000d6180000)
 ParOldGen       total 160256K, used 158603K [0x0000000080000000, 0x0000000089c80000, 0x00000000d5580000)
  object space 160256K, 98% used [0x0000000080000000,0x0000000089ae2ee0,0x0000000089c80000)
 Metaspace       used 69200K, committed 70720K, reserved 1114112K
  class space    used 7325K, committed 7936K, reserved 1048576K
}
Event: 3222.663 GC heap after
{Heap after GC invocations=150 (full 3):
 PSYoungGen      total 7680K, used 500K [0x00000000d5580000, 0x00000000d6200000, 0x0000000100000000)
  eden space 7168K, 0% used [0x00000000d5580000,0x00000000d5580000,0x00000000d5c80000)
  from space 512K, 97% used [0x00000000d6100000,0x00000000d617d220,0x00000000d6180000)
  to   space 512K, 0% used [0x00000000d6180000,0x00000000d6180000,0x00000000d6200000)
 ParOldGen       total 160256K, used 159013K [0x0000000080000000, 0x0000000089c80000, 0x00000000d5580000)
  object space 160256K, 99% used [0x0000000080000000,0x0000000089b49510,0x0000000089c80000)
 Metaspace       used 69200K, committed 70720K, reserved 1114112K
  class space    used 7325K, committed 7936K, reserved 1048576K
}

