# JRE version: OpenJDK Runtime Environment Temurin-21.0.10+7 (21.0.10+7) (build 21.0.10+7-LTS)
# Java VM: OpenJDK 64-Bit Server VM Temurin-21.0.10+7 (21.0.10+7-LTS, mixed mode, sharing, tiered, compressed oops, compressed class ptrs, parallel gc, windows-amd64)
GC Precious Log:
 CardTable entry size: 512
 CPUs: 8 total, 8 available
 Memory: 16122M
 Large Page Support: Disabled
 NUMA Support: Disabled
 Compressed Oops: Enabled (32-bit)
 Alignments: Space 512K, Generation 512K, Heap 2M
 Heap Min Capacity: 100M
 Heap Initial Capacity: 100M
 Heap Max Capacity: 2G
 Pre-touch: Disabled
 Parallel Workers: 8
Heap:
 PSYoungGen      total 3072K, used 707K [0x00000000d5580000, 0x00000000d5a80000, 0x0000000100000000)
  eden space 2560K, 13% used [0x00000000d5580000,0x00000000d55d8f68,0x00000000d5800000)
  from space 512K, 68% used [0x00000000d5980000,0x00000000d59d8000,0x00000000d5a00000)
  to   space 512K, 0% used [0x00000000d5a00000,0x00000000d5a00000,0x00000000d5a80000)
 ParOldGen       total 714752K, used 714294K [0x0000000080000000, 0x00000000aba00000, 0x00000000d5580000)
  object space 714752K, 99% used [0x0000000080000000,0x00000000ab98da90,0x00000000aba00000)
 Metaspace       used 73360K, committed 74944K, reserved 1179648K
  class space    used 7771K, committed 8448K, reserved 1048576K
GC Heap History (20 events):
Event: 69.585 GC heap before
{Heap before GC invocations=806 (full 3):
 PSYoungGen      total 3584K, used 3051K [0x00000000d5580000, 0x00000000d5a80000, 0x0000000100000000)
  eden space 2560K, 97% used [0x00000000d5580000,0x00000000d57ee0b0,0x00000000d5800000)
  from space 1024K, 54% used [0x00000000d5980000,0x00000000d5a0cc10,0x00000000d5a80000)
  to   space 1024K, 0% used [0x00000000d5880000,0x00000000d5880000,0x00000000d5980000)
 ParOldGen       total 707072K, used 706887K [0x0000000080000000, 0x00000000ab280000, 0x00000000d5580000)
  object space 707072K, 99% used [0x0000000080000000,0x00000000ab251fb0,0x00000000ab280000)
 Metaspace       used 72724K, committed 74240K, reserved 1179648K
  class space    used 7759K, committed 8448K, reserved 1048576K
}
Event: 69.587 GC heap after
{Heap after GC invocations=806 (full 3):
 PSYoungGen      total 3584K, used 997K [0x00000000d5580000, 0x00000000d5f00000, 0x0000000100000000)
  eden space 2560K, 0% used [0x00000000d5580000,0x00000000d5580000,0x00000000d5800000)
  from space 1024K, 97% used [0x00000000d5880000,0x00000000d59795d8,0x00000000d5980000)
  to   space 3584K, 0% used [0x00000000d5b80000,0x00000000d5b80000,0x00000000d5f00000)
 ParOldGen       total 709120K, used 708819K [0x0000000080000000, 0x00000000ab480000, 0x00000000d5580000)
  object space 709120K, 99% used [0x0000000080000000,0x00000000ab434f68,0x00000000ab480000)
 Metaspace       used 72724K, committed 74240K, reserved 1179648K
  class space    used 7759K, committed 8448K, reserved 1048576K
}
Event: 69.662 GC heap before
{Heap before GC invocations=807 (full 3):
 PSYoungGen      total 3584K, used 3557K [0x00000000d5580000, 0x00000000d5f00000, 0x0000000100000000)
  eden space 2560K, 100% used [0x00000000d5580000,0x00000000d5800000,0x00000000d5800000)
  from space 1024K, 97% used [0x00000000d5880000,0x00000000d59795d8,0x00000000d5980000)
  to   space 3584K, 0% used [0x00000000d5b80000,0x00000000d5b80000,0x00000000d5f00000)
 ParOldGen       total 709120K, used 708819K [0x0000000080000000, 0x00000000ab480000, 0x00000000d5580000)
  object space 709120K, 99% used [0x0000000080000000,0x00000000ab434f68,0x00000000ab480000)
 Metaspace       used 72744K, committed 74240K, reserved 1179648K
  class space    used 7759K, committed 8448K, reserved 1048576K
}
Event: 69.665 GC heap after
{Heap after GC invocations=807 (full 3):
 PSYoungGen      total 4608K, used 1538K [0x00000000d5580000, 0x00000000d5d80000, 0x0000000100000000)
  eden space 2560K, 0% used [0x00000000d5580000,0x00000000d5580000,0x00000000d5800000)
  from space 2048K, 75% used [0x00000000d5b80000,0x00000000d5d009f0,0x00000000d5d80000)
  to   space 2048K, 0% used [0x00000000d5980000,0x00000000d5980000,0x00000000d5b80000)
 ParOldGen       total 710144K, used 709827K [0x0000000080000000, 0x00000000ab580000, 0x00000000d5580000)
  object space 710144K, 99% used [0x0000000080000000,0x00000000ab530cd0,0x00000000ab580000)
 Metaspace       used 72744K, committed 74240K, reserved 1179648K
  class space    used 7759K, committed 8448K, reserved 1048576K
}
Event: 69.716 GC heap before
{Heap before GC invocations=808 (full 3):
 PSYoungGen      total 4608K, used 4098K [0x00000000d5580000, 0x00000000d5d80000, 0x0000000100000000)
  eden space 2560K, 100% used [0x00000000d5580000,0x00000000d5800000,0x00000000d5800000)
  from space 2048K, 75% used [0x00000000d5b80000,0x00000000d5d009f0,0x00000000d5d80000)
  to   space 2048K, 0% used [0x00000000d5980000,0x00000000d5980000,0x00000000d5b80000)
 ParOldGen       total 710144K, used 709827K [0x0000000080000000, 0x00000000ab580000, 0x00000000d5580000)
  object space 710144K, 99% used [0x0000000080000000,0x00000000ab530cd0,0x00000000ab580000)
 Metaspace       used 72771K, committed 74304K, reserved 1179648K
  class space    used 7759K, committed 8448K, reserved 1048576K
}
Event: 69.719 GC heap after
{Heap after GC invocations=808 (full 3):
 PSYoungGen      total 3584K, used 564K [0x00000000d5580000, 0x00000000d5c00000, 0x0000000100000000)
  eden space 2560K, 0% used [0x00000000d5580000,0x00000000d5580000,0x00000000d5800000)
  from space 1024K, 55% used [0x00000000d5980000,0x00000000d5a0d018,0x00000000d5a80000)
  to   space 1024K, 0% used [0x00000000d5b00000,0x00000000d5b00000,0x00000000d5c00000)
 ParOldGen       total 711680K, used 711261K [0x0000000080000000, 0x00000000ab700000, 0x00000000d5580000)
  object space 711680K, 99% used [0x0000000080000000,0x00000000ab6977f8,0x00000000ab700000)
 Metaspace       used 72771K, committed 74304K, reserved 1179648K
  class space    used 7759K, committed 8448K, reserved 1048576K
}
Event: 69.745 GC heap before
{Heap before GC invocations=809 (full 3):
 PSYoungGen      total 3584K, used 3124K [0x00000000d5580000, 0x00000000d5c00000, 0x0000000100000000)
  eden space 2560K, 100% used [0x00000000d5580000,0x00000000d5800000,0x00000000d5800000)
  from space 1024K, 55% used [0x00000000d5980000,0x00000000d5a0d018,0x00000000d5a80000)
  to   space 1024K, 0% used [0x00000000d5b00000,0x00000000d5b00000,0x00000000d5c00000)
 ParOldGen       total 711680K, used 711261K [0x0000000080000000, 0x00000000ab700000, 0x00000000d5580000)
  object space 711680K, 99% used [0x0000000080000000,0x00000000ab6977f8,0x00000000ab700000)
 Metaspace       used 72782K, committed 74304K, reserved 1179648K
  class space    used 7759K, committed 8448K, reserved 1048576K
}
Event: 69.746 GC heap after
{Heap after GC invocations=809 (full 3):
 PSYoungGen      total 3072K, used 448K [0x00000000d5580000, 0x00000000d5b80000, 0x0000000100000000)
  eden space 2560K, 0% used [0x00000000d5580000,0x00000000d5580000,0x00000000d5800000)
  from space 512K, 87% used [0x00000000d5b00000,0x00000000d5b70000,0x00000000d5b80000)
  to   space 1024K, 0% used [0x00000000d5980000,0x00000000d5980000,0x00000000d5a80000)
 ParOldGen       total 711680K, used 711669K [0x0000000080000000, 0x00000000ab700000, 0x00000000d5580000)
  object space 711680K, 99% used [0x0000000080000000,0x00000000ab6fd7f8,0x00000000ab700000)
 Metaspace       used 72782K, committed 74304K, reserved 1179648K
  class space    used 7759K, committed 8448K, reserved 1048576K
}
Event: 69.818 GC heap before
{Heap before GC invocations=810 (full 3):
 PSYoungGen      total 3072K, used 3008K [0x00000000d5580000, 0x00000000d5b80000, 0x0000000100000000)
  eden space 2560K, 100% used [0x00000000d5580000,0x00000000d5800000,0x00000000d5800000)
  from space 512K, 87% used [0x00000000d5b00000,0x00000000d5b70000,0x00000000d5b80000)
  to   space 1024K, 0% used [0x00000000d5980000,0x00000000d5980000,0x00000000d5a80000)
 ParOldGen       total 711680K, used 711669K [0x0000000080000000, 0x00000000ab700000, 0x00000000d5580000)
  object space 711680K, 99% used [0x0000000080000000,0x00000000ab6fd7f8,0x00000000ab700000)
 Metaspace       used 72850K, committed 74368K, reserved 1179648K
  class space    used 7762K, committed 8448K, reserved 1048576K
}
Event: 69.821 GC heap after
{Heap after GC invocations=810 (full 3):
 PSYoungGen      total 3584K, used 448K [0x00000000d5580000, 0x00000000d5b80000, 0x0000000100000000)
  eden space 2560K, 0% used [0x00000000d5580000,0x00000000d5580000,0x00000000d5800000)
  from space 1024K, 43% used [0x00000000d5980000,0x00000000d59f0000,0x00000000d5a80000)
  to   space 512K, 0% used [0x00000000d5b00000,0x00000000d5b00000,0x00000000d5b80000)
 ParOldGen       total 712192K, used 711981K [0x0000000080000000, 0x00000000ab780000, 0x00000000d5580000)
  object space 712192K, 99% used [0x0000000080000000,0x00000000ab74b7f8,0x00000000ab780000)
 Metaspace       used 72850K, committed 74368K, reserved 1179648K
  class space    used 7762K, committed 8448K, reserved 1048576K
}
Event: 69.935 GC heap before
{Heap before GC invocations=811 (full 3):
 PSYoungGen      total 3584K, used 3008K [0x00000000d5580000, 0x00000000d5b80000, 0x0000000100000000)
  eden space 2560K, 100% used [0x00000000d5580000,0x00000000d5800000,0x00000000d5800000)
  from space 1024K, 43% used [0x00000000d5980000,0x00000000d59f0000,0x00000000d5a80000)
  to   space 512K, 0% used [0x00000000d5b00000,0x00000000d5b00000,0x00000000d5b80000)
 ParOldGen       total 712192K, used 711981K [0x0000000080000000, 0x00000000ab780000, 0x00000000d5580000)
  object space 712192K, 99% used [0x0000000080000000,0x00000000ab74b7f8,0x00000000ab780000)
 Metaspace       used 73014K, committed 74496K, reserved 1179648K
  class space    used 7767K, committed 8448K, reserved 1048576K
}
Event: 69.940 GC heap after
{Heap after GC invocations=811 (full 3):
 PSYoungGen      total 3072K, used 512K [0x00000000d5580000, 0x00000000d5b80000, 0x0000000100000000)
  eden space 2560K, 0% used [0x00000000d5580000,0x00000000d5580000,0x00000000d5800000)
  from space 512K, 100% used [0x00000000d5b00000,0x00000000d5b80000,0x00000000d5b80000)
  to   space 1024K, 0% used [0x00000000d5980000,0x00000000d5980000,0x00000000d5a80000)
 ParOldGen       total 712704K, used 712283K [0x0000000080000000, 0x00000000ab800000, 0x00000000d5580000)
  object space 712704K, 99% used [0x0000000080000000,0x00000000ab796f78,0x00000000ab800000)
 Metaspace       used 73014K, committed 74496K, reserved 1179648K
  class space    used 7767K, committed 8448K, reserved 1048576K
}
Event: 69.985 GC heap before
{Heap before GC invocations=812 (full 3):
 PSYoungGen      total 3072K, used 3072K [0x00000000d5580000, 0x00000000d5b80000, 0x0000000100000000)
  eden space 2560K, 100% used [0x00000000d5580000,0x00000000d5800000,0x00000000d5800000)
  from space 512K, 100% used [0x00000000d5b00000,0x00000000d5b80000,0x00000000d5b80000)
  to   space 1024K, 0% used [0x00000000d5980000,0x00000000d5980000,0x00000000d5a80000)
 ParOldGen       total 712704K, used 712283K [0x0000000080000000, 0x00000000ab800000, 0x00000000d5580000)
  object space 712704K, 99% used [0x0000000080000000,0x00000000ab796f78,0x00000000ab800000)
 Metaspace       used 73086K, committed 74624K, reserved 1179648K
  class space    used 7767K, committed 8448K, reserved 1048576K
}
Event: 69.987 GC heap after
{Heap after GC invocations=812 (full 3):
 PSYoungGen      total 3584K, used 576K [0x00000000d5580000, 0x00000000d5b80000, 0x0000000100000000)
  eden space 2560K, 0% used [0x00000000d5580000,0x00000000d5580000,0x00000000d5800000)
  from space 1024K, 56% used [0x00000000d5980000,0x00000000d5a10000,0x00000000d5a80000)
  to   space 1024K, 0% used [0x00000000d5a80000,0x00000000d5a80000,0x00000000d5b80000)
 ParOldGen       total 713216K, used 712763K [0x0000000080000000, 0x00000000ab880000, 0x00000000d5580000)
  object space 713216K, 99% used [0x0000000080000000,0x00000000ab80efa8,0x00000000ab880000)
 Metaspace       used 73086K, committed 74624K, reserved 1179648K
  class space    used 7767K, committed 8448K, reserved 1048576K
}
Event: 70.043 GC heap before
{Heap before GC invocations=813 (full 3):
 PSYoungGen      total 3584K, used 3136K [0x00000000d5580000, 0x00000000d5b80000, 0x0000000100000000)
  eden space 2560K, 100% used [0x00000000d5580000,0x00000000d5800000,0x00000000d5800000)
  from space 1024K, 56% used [0x00000000d5980000,0x00000000d5a10000,0x00000000d5a80000)
  to   space 1024K, 0% used [0x00000000d5a80000,0x00000000d5a80000,0x00000000d5b80000)
 ParOldGen       total 713216K, used 712763K [0x0000000080000000, 0x00000000ab880000, 0x00000000d5580000)
  object space 713216K, 99% used [0x0000000080000000,0x00000000ab80efa8,0x00000000ab880000)
 Metaspace       used 73130K, committed 74624K, reserved 1179648K
  class space    used 7768K, committed 8448K, reserved 1048576K
}
Event: 70.047 GC heap after
{Heap after GC invocations=813 (full 3):
 PSYoungGen      total 3584K, used 736K [0x00000000d5580000, 0x00000000d5b80000, 0x0000000100000000)
  eden space 2560K, 0% used [0x00000000d5580000,0x00000000d5580000,0x00000000d5800000)
  from space 1024K, 71% used [0x00000000d5a80000,0x00000000d5b38000,0x00000000d5b80000)
  to   space 1024K, 0% used [0x00000000d5980000,0x00000000d5980000,0x00000000d5a80000)
 ParOldGen       total 713216K, used 713211K [0x0000000080000000, 0x00000000ab880000, 0x00000000d5580000)
  object space 713216K, 99% used [0x0000000080000000,0x00000000ab87efa8,0x00000000ab880000)
 Metaspace       used 73130K, committed 74624K, reserved 1179648K
  class space    used 7768K, committed 8448K, reserved 1048576K
}
Event: 70.447 GC heap before
{Heap before GC invocations=814 (full 3):
 PSYoungGen      total 3584K, used 3295K [0x00000000d5580000, 0x00000000d5b80000, 0x0000000100000000)
  eden space 2560K, 99% used [0x00000000d5580000,0x00000000d57fffd0,0x00000000d5800000)
  from space 1024K, 71% used [0x00000000d5a80000,0x00000000d5b38000,0x00000000d5b80000)
  to   space 1024K, 0% used [0x00000000d5980000,0x00000000d5980000,0x00000000d5a80000)
 ParOldGen       total 713216K, used 713211K [0x0000000080000000, 0x00000000ab880000, 0x00000000d5580000)
  object space 713216K, 99% used [0x0000000080000000,0x00000000ab87efa8,0x00000000ab880000)
 Metaspace       used 73313K, committed 74880K, reserved 1179648K
  class space    used 7769K, committed 8448K, reserved 1048576K
}
Event: 70.449 GC heap after
{Heap after GC invocations=814 (full 3):
 PSYoungGen      total 3072K, used 448K [0x00000000d5580000, 0x00000000d5b00000, 0x0000000100000000)
  eden space 2560K, 0% used [0x00000000d5580000,0x00000000d5580000,0x00000000d5800000)
  from space 512K, 87% used [0x00000000d5980000,0x00000000d59f0000,0x00000000d5a00000)
  to   space 1024K, 0% used [0x00000000d5a00000,0x00000000d5a00000,0x00000000d5b00000)
 ParOldGen       total 714240K, used 713835K [0x0000000080000000, 0x00000000ab980000, 0x00000000d5580000)
  object space 714240K, 99% used [0x0000000080000000,0x00000000ab91afe8,0x00000000ab980000)
 Metaspace       used 73313K, committed 74880K, reserved 1179648K
  class space    used 7769K, committed 8448K, reserved 1048576K
}
Event: 70.705 GC heap before
{Heap before GC invocations=815 (full 3):
 PSYoungGen      total 3072K, used 3008K [0x00000000d5580000, 0x00000000d5b00000, 0x0000000100000000)
  eden space 2560K, 100% used [0x00000000d5580000,0x00000000d5800000,0x00000000d5800000)
  from space 512K, 87% used [0x00000000d5980000,0x00000000d59f0000,0x00000000d5a00000)
  to   space 1024K, 0% used [0x00000000d5a00000,0x00000000d5a00000,0x00000000d5b00000)
 ParOldGen       total 714240K, used 713835K [0x0000000080000000, 0x00000000ab980000, 0x00000000d5580000)
  object space 714240K, 99% used [0x0000000080000000,0x00000000ab91afe8,0x00000000ab980000)
 Metaspace       used 73324K, committed 74880K, reserved 1179648K
  class space    used 7769K, committed 8448K, reserved 1048576K
}
Event: 70.708 GC heap after
{Heap after GC invocations=815 (full 3):
 PSYoungGen      total 3072K, used 224K [0x00000000d5580000, 0x00000000d5a80000, 0x0000000100000000)
  eden space 2560K, 0% used [0x00000000d5580000,0x00000000d5580000,0x00000000d5800000)
  from space 512K, 43% used [0x00000000d5a00000,0x00000000d5a38000,0x00000000d5a80000)
  to   space 512K, 0% used [0x00000000d5980000,0x00000000d5980000,0x00000000d5a00000)
 ParOldGen       total 714240K, used 714238K [0x0000000080000000, 0x00000000ab980000, 0x00000000d5580000)
  object space 714240K, 99% used [0x0000000080000000,0x00000000ab97fa80,0x00000000ab980000)
 Metaspace       used 73324K, committed 74880K, reserved 1179648K
  class space    used 7769K, committed 8448K, reserved 1048576K
}

